<?xml version="1.0" encoding="UTF-8"?>
<testsuite xmlns:xsi="http://www.w3.org/2001/XMLSchema-instance" xsi:noNamespaceSchemaLocation="https://maven.apache.org/surefire/maven-surefire-plugin/xsd/surefire-test-report.xsd" name="com.aurea.cx.messenger.example.StringOpsService.StringOpsServiceTest" time="0.313" tests="3" errors="0" skipped="0" failures="0">
  <properties>
[...]
</properties>
  <testcase name="convertTest" classname="com.aurea.cx.messenger.example.StringOpsService.StringOpsServiceTest" time="0.213"/>
  <testcase name="splitTest" classname="com.aurea.cx.messenger.example.StringOpsService.StringOpsServiceTest" time="0"/>
  <testcase name="concatenateTest" classname="com.aurea.cx.messenger.example.StringOpsService.StringOpsServiceTest" time="0"/>
</testsuite>